<?xml version="1.0" encoding="UTF-8"?>
<!-- Generated by org.testng.reporters.JUnitReportReporter -->
<testsuite skipped="0" hostname="ATMECSINLT-033" name="ATMECS.XLSX_Test.AppTest" tests="22" failures="0" timestamp="26 Aug 2019 10:29:12 GMT" time="0.053" errors="0">
  <testcase name="test1" time="0.017" classname="ATMECS.XLSX_Test.AppTest"/>
  <testcase name="test1" time="0.003" classname="ATMECS.XLSX_Test.AppTest"/>
  <testcase name="test1" time="0.002" classname="ATMECS.XLSX_Test.AppTest"/>
  <testcase name="test1" time="0.002" classname="ATMECS.XLSX_Test.AppTest"/>
  <testcase name="test1" time="0.001" classname="ATMECS.XLSX_Test.AppTest"/>
  <testcase name="test1" time="0.003" classname="ATMECS.XLSX_Test.AppTest"/>
  <testcase name="test1" time="0.001" classname="ATMECS.XLSX_Test.AppTest"/>
  <testcase name="test1" time="0.002" classname="ATMECS.XLSX_Test.AppTest"/>
  <testcase name="test1" time="0.001" classname="ATMECS.XLSX_Test.AppTest"/>
  <testcase name="test1" time="0.001" classname="ATMECS.XLSX_Test.AppTest"/>
  <testcase name="test1" time="0.003" classname="ATMECS.XLSX_Test.AppTest"/>
  <testcase name="test1" time="0.001" classname="ATMECS.XLSX_Test.AppTest"/>
  <testcase name="test1" time="0.002" classname="ATMECS.XLSX_Test.AppTest"/>
  <testcase name="test1" time="0.002" classname="ATMECS.XLSX_Test.AppTest"/>
  <testcase name="test1" time="0.002" classname="ATMECS.XLSX_Test.AppTest"/>
  <testcase name="test1" time="0.002" classname="ATMECS.XLSX_Test.AppTest"/>
  <testcase name="test1" time="0.002" classname="ATMECS.XLSX_Test.AppTest"/>
  <testcase name="test1" time="0.002" classname="ATMECS.XLSX_Test.AppTest"/>
  <testcase name="test1" time="0.001" classname="ATMECS.XLSX_Test.AppTest"/>
  <testcase name="test1" time="0.001" classname="ATMECS.XLSX_Test.AppTest"/>
  <testcase name="test1" time="0.001" classname="ATMECS.XLSX_Test.AppTest"/>
  <testcase name="test1" time="0.001" classname="ATMECS.XLSX_Test.AppTest"/>
</testsuite> <!-- ATMECS.XLSX_Test.AppTest -->
